<?xml version="1.0" encoding="UTF-8"?>
<!-- Generated by org.testng.reporters.JUnitReportReporter -->
<testsuite hostname="Akash-02" failures="0" tests="1" name="Module1_Home_TestClasses.Insurance_TestNG_TestClass" time="6.307" errors="0" timestamp="2023-02-24T18:23:37 IST" skipped="0">
  <testcase classname="Module1_Home_TestClasses.Insurance_TestNG_TestClass" name="VerifyEmailAddress" time="6.307"/>
  <system-out/>
</testsuite> <!-- Module1_Home_TestClasses.Insurance_TestNG_TestClass -->
